<?xml version="1.0" encoding="UTF-8"?>
<testng-results skipped="0" failed="0" ignored="0" total="1" passed="1">
  <reporter-output>
  </reporter-output>
  <suite name="Default Suite" duration-ms="4946" started-at="2023-04-10T20:16:36 IST" finished-at="2023-04-10T20:16:40 IST">
    <groups>
    </groups>
    <test name="SeleniumGitubAction" duration-ms="4946" started-at="2023-04-10T20:16:36 IST" finished-at="2023-04-10T20:16:40 IST">
      <class name="StartBrowser">
        <test-method status="PASS" signature="setup()[pri:0, instance:StartBrowser@370736d9]" name="setup" is-config="true" duration-ms="3853" started-at="2023-04-10T20:16:36 IST" finished-at="2023-04-10T20:16:39 IST">
          <reporter-output>
          </reporter-output>
        </test-method> <!-- setup -->
        <test-method status="PASS" signature="RunURL()[pri:0, instance:StartBrowser@370736d9]" name="RunURL" duration-ms="966" started-at="2023-04-10T20:16:39 IST" finished-at="2023-04-10T20:16:40 IST">
          <reporter-output>
          </reporter-output>
        </test-method> <!-- RunURL -->
        <test-method status="PASS" signature="crash()[pri:0, instance:StartBrowser@370736d9]" name="crash" is-config="true" duration-ms="81" started-at="2023-04-10T20:16:40 IST" finished-at="2023-04-10T20:16:40 IST">
          <reporter-output>
          </reporter-output>
        </test-method> <!-- crash -->
      </class> <!-- StartBrowser -->
    </test> <!-- SeleniumGitubAction -->
  </suite> <!-- Default Suite -->
</testng-results>
